INFO: seeding the RNG with 1588663967
INFO: Initializing backend 
INFO: Backend precision: double
INFO: Simulation type: MD
INFO: Running Debye-Huckel at salt concentration =  0.5
INFO: Using different widths for major and minor grooves
INFO: pid: 3031
DEBUG: Debye-Huckel parameters: Q=0.054300, lambda_0=0.361646, lambda=0.509736, r_high=1.529209, cutoff=3.256611
DEBUG: Debye-Huckel parameters: debye_huckel_RC=2.293813e+00, debye_huckel_B=3.023959e-03
INFO: The Debye length at this temperature and salt concentration is 0.509736
INFO: N_cells_side: 17
INFO: N: 82
INFO: Using randomly distributed velocities
INFO: Initial kinetic energy: 23.392950
INFO: SVN CODE VERSION: 206
INFO: COMPILED ON: 20/07/15
INFO: Lists updated 14 times (every ~3.428571 steps)
INFO: Timings informations:

MD step: 0.410816 ms
First step: 0.063388 ms
Hilbert sorting: 0.000000 ms
Lists update: 0.034286 ms
Forces + second step: 0.313184 ms
Thermostat: 0.001000 ms

ERROR: (DNAInteraction.cpp) During the simulation, the distance between bonded neighbors 44 and 43 exceeded acceptable values (d = 0.250274)
